<?xml version="1.0" encoding="UTF-8" standalone="yes"?><!DOCTYPE report PUBLIC "-//JACOCO//DTD Report 1.1//EN" "report.dtd"><report name="guarded-executor"><sessioninfo id="penguin-7d7df3c2" start="1558851438201" dump="1558851447966"/><package name="guardedexecutor"><class name="guardedexecutor/GuardedExecutor" sourcefilename="GuardedExecutor.java"><method name="&lt;init&gt;" desc="()V" line="286"><counter type="INSTRUCTION" missed="0" covered="9"/><counter type="LINE" missed="0" covered="3"/><counter type="COMPLEXITY" missed="0" covered="1"/><counter type="METHOD" missed="0" covered="1"/></method><method name="execute" desc="(Ljava/lang/Runnable;)V" line="301"><counter type="INSTRUCTION" missed="0" covered="8"/><counter type="LINE" missed="0" covered="2"/><counter type="COMPLEXITY" missed="0" covered="1"/><counter type="METHOD" missed="0" covered="1"/></method><method name="execute" desc="(Ljava/util/function/Supplier;)Ljava/lang/Object;" line="314"><counter type="INSTRUCTION" missed="0" covered="7"/><counter type="LINE" missed="0" covered="1"/><counter type="COMPLEXITY" missed="0" covered="1"/><counter type="METHOD" missed="0" covered="1"/></method><method name="executeInterruptibly" desc="(Ljava/lang/Runnable;)V" line="326"><counter type="INSTRUCTION" missed="0" covered="9"/><counter type="LINE" missed="0" covered="2"/><counter type="COMPLEXITY" missed="0" covered="1"/><counter type="METHOD" missed="0" covered="1"/></method><method name="executeInterruptibly" desc="(Ljava/util/function/Supplier;)Ljava/lang/Object;" line="340"><counter type="INSTRUCTION" missed="0" covered="8"/><counter type="LINE" missed="0" covered="1"/><counter type="COMPLEXITY" missed="0" covered="1"/><counter type="METHOD" missed="0" covered="1"/></method><method name="executeWhen" desc="(Ljava/util/function/BooleanSupplier;Ljava/lang/Runnable;)V" line="354"><counter type="INSTRUCTION" missed="0" covered="11"/><counter type="LINE" missed="0" covered="2"/><counter type="COMPLEXITY" missed="0" covered="1"/><counter type="METHOD" missed="0" covered="1"/></method><method name="executeWhen" desc="(Ljava/util/function/BooleanSupplier;Ljava/util/function/Supplier;)Ljava/lang/Object;" line="371"><counter type="INSTRUCTION" missed="0" covered="10"/><counter type="LINE" missed="0" covered="1"/><counter type="COMPLEXITY" missed="0" covered="1"/><counter type="METHOD" missed="0" covered="1"/></method><method name="tryExecute" desc="(Ljava/lang/Runnable;)V" line="383"><counter type="INSTRUCTION" missed="0" covered="9"/><counter type="LINE" missed="0" covered="2"/><counter type="COMPLEXITY" missed="0" covered="1"/><counter type="METHOD" missed="0" covered="1"/></method><method name="tryExecute" desc="(Ljava/util/function/Supplier;)Ljava/lang/Object;" line="397"><counter type="INSTRUCTION" missed="0" covered="8"/><counter type="LINE" missed="0" covered="1"/><counter type="COMPLEXITY" missed="0" covered="1"/><counter type="METHOD" missed="0" covered="1"/></method><method name="tryExecuteIf" desc="(Ljava/util/function/BooleanSupplier;Ljava/lang/Runnable;)V" line="411"><counter type="INSTRUCTION" missed="0" covered="11"/><counter type="LINE" missed="0" covered="2"/><counter type="COMPLEXITY" missed="0" covered="1"/><counter type="METHOD" missed="0" covered="1"/></method><method name="tryExecuteIf" desc="(Ljava/util/function/BooleanSupplier;Ljava/util/function/Supplier;)Ljava/lang/Object;" line="427"><counter type="INSTRUCTION" missed="0" covered="10"/><counter type="LINE" missed="0" covered="1"/><counter type="COMPLEXITY" missed="0" covered="1"/><counter type="METHOD" missed="0" covered="1"/></method><method name="tryExecute" desc="(JLjava/util/concurrent/TimeUnit;Ljava/lang/Runnable;)V" line="444"><counter type="INSTRUCTION" missed="0" covered="13"/><counter type="LINE" missed="0" covered="2"/><counter type="COMPLEXITY" missed="0" covered="1"/><counter type="METHOD" missed="0" covered="1"/></method><method name="tryExecute" desc="(JLjava/util/concurrent/TimeUnit;Ljava/util/function/Supplier;)Ljava/lang/Object;" line="463"><counter type="INSTRUCTION" missed="0" covered="12"/><counter type="LINE" missed="0" covered="1"/><counter type="COMPLEXITY" missed="0" covered="1"/><counter type="METHOD" missed="0" covered="1"/></method><method name="tryExecuteWhen" desc="(Ljava/util/function/BooleanSupplier;JLjava/util/concurrent/TimeUnit;Ljava/lang/Runnable;)V" line="481"><counter type="INSTRUCTION" missed="0" covered="15"/><counter type="LINE" missed="0" covered="3"/><counter type="COMPLEXITY" missed="0" covered="1"/><counter type="METHOD" missed="0" covered="1"/></method><method name="tryExecuteWhen" desc="(Ljava/util/function/BooleanSupplier;JLjava/util/concurrent/TimeUnit;Ljava/util/function/Supplier;)Ljava/lang/Object;" line="502"><counter type="INSTRUCTION" missed="0" covered="14"/><counter type="LINE" missed="0" covered="2"/><counter type="COMPLEXITY" missed="0" covered="1"/><counter type="METHOD" missed="0" covered="1"/></method><method name="proceed" desc="()V" line="520"><counter type="INSTRUCTION" missed="0" covered="6"/><counter type="LINE" missed="0" covered="4"/><counter type="COMPLEXITY" missed="0" covered="1"/><counter type="METHOD" missed="0" covered="1"/></method><method name="proceedWhen" desc="(Ljava/util/function/BooleanSupplier;)V" line="537"><counter type="INSTRUCTION" missed="0" covered="5"/><counter type="LINE" missed="0" covered="2"/><counter type="COMPLEXITY" missed="0" covered="1"/><counter type="METHOD" missed="0" covered="1"/></method><method name="tryProceedWhen" desc="(Ljava/util/function/BooleanSupplier;JLjava/util/concurrent/TimeUnit;)V" line="555"><counter type="INSTRUCTION" missed="7" covered="0"/><counter type="LINE" missed="2" covered="0"/><counter type="COMPLEXITY" missed="1" covered="0"/><counter type="METHOD" missed="1" covered="0"/></method><method name="getExecutingThread" desc="()Ljava/lang/Thread;" line="576"><counter type="INSTRUCTION" missed="0" covered="8"/><counter type="BRANCH" missed="0" covered="2"/><counter type="LINE" missed="0" covered="1"/><counter type="COMPLEXITY" missed="0" covered="2"/><counter type="METHOD" missed="0" covered="1"/></method><method name="getQueuedThreads" desc="()Ljava/util/Collection;" line="587"><counter type="INSTRUCTION" missed="0" covered="27"/><counter type="BRANCH" missed="1" covered="5"/><counter type="LINE" missed="0" covered="6"/><counter type="COMPLEXITY" missed="1" covered="3"/><counter type="METHOD" missed="0" covered="1"/></method><method name="getQueueLength" desc="()I" line="605"><counter type="INSTRUCTION" missed="0" covered="17"/><counter type="BRANCH" missed="0" covered="4"/><counter type="LINE" missed="0" covered="5"/><counter type="COMPLEXITY" missed="0" covered="3"/><counter type="METHOD" missed="0" covered="1"/></method><method name="hasQueuedThread" desc="(Ljava/lang/Thread;)Z" line="622"><counter type="INSTRUCTION" missed="0" covered="23"/><counter type="BRANCH" missed="1" covered="5"/><counter type="LINE" missed="0" covered="5"/><counter type="COMPLEXITY" missed="1" covered="3"/><counter type="METHOD" missed="0" covered="1"/></method><method name="hasQueuedThreads" desc="()Z" line="639"><counter type="INSTRUCTION" missed="0" covered="16"/><counter type="BRANCH" missed="0" covered="4"/><counter type="LINE" missed="0" covered="4"/><counter type="COMPLEXITY" missed="0" covered="3"/><counter type="METHOD" missed="0" covered="1"/></method><method name="isExecuting" desc="()Z" line="653"><counter type="INSTRUCTION" missed="0" covered="8"/><counter type="BRANCH" missed="0" covered="2"/><counter type="LINE" missed="0" covered="1"/><counter type="COMPLEXITY" missed="0" covered="2"/><counter type="METHOD" missed="0" covered="1"/></method><method name="isExecutingInCurrentThread" desc="()Z" line="662"><counter type="INSTRUCTION" missed="0" covered="8"/><counter type="BRANCH" missed="0" covered="2"/><counter type="LINE" missed="0" covered="1"/><counter type="COMPLEXITY" missed="0" covered="2"/><counter type="METHOD" missed="0" covered="1"/></method><method name="toString" desc="()Ljava/lang/String;" line="677"><counter type="INSTRUCTION" missed="0" covered="27"/><counter type="BRANCH" missed="0" covered="2"/><counter type="LINE" missed="0" covered="3"/><counter type="COMPLEXITY" missed="0" covered="2"/><counter type="METHOD" missed="0" covered="1"/></method><method name="doExecuteWithTimeout" desc="(Ljava/util/function/BooleanSupplier;JLjava/util/concurrent/TimeUnit;Ljava/lang/Runnable;Ljava/util/function/Supplier;)Ljava/lang/Object;" line="710"><counter type="INSTRUCTION" missed="6" covered="121"/><counter type="BRANCH" missed="5" covered="23"/><counter type="LINE" missed="1" covered="34"/><counter type="COMPLEXITY" missed="5" covered="10"/><counter type="METHOD" missed="0" covered="1"/></method><method name="doExecuteImmediately" desc="(Ljava/util/function/BooleanSupplier;Ljava/lang/Runnable;Ljava/util/function/Supplier;)Ljava/lang/Object;" line="787"><counter type="INSTRUCTION" missed="0" covered="16"/><counter type="BRANCH" missed="0" covered="2"/><counter type="LINE" missed="0" covered="4"/><counter type="COMPLEXITY" missed="0" covered="2"/><counter type="METHOD" missed="0" covered="1"/></method><method name="doExecuteInterruptibly" desc="(Ljava/util/function/BooleanSupplier;Ljava/lang/Runnable;Ljava/util/function/Supplier;)Ljava/lang/Object;" line="814"><counter type="INSTRUCTION" missed="4" covered="53"/><counter type="BRANCH" missed="2" covered="12"/><counter type="LINE" missed="0" covered="16"/><counter type="COMPLEXITY" missed="2" covered="6"/><counter type="METHOD" missed="0" covered="1"/></method><method name="doExecuteUninterruptibly" desc="(Ljava/lang/Runnable;Ljava/util/function/Supplier;)Ljava/lang/Object;" line="859"><counter type="INSTRUCTION" missed="8" covered="58"/><counter type="BRANCH" missed="4" covered="12"/><counter type="LINE" missed="2" covered="17"/><counter type="COMPLEXITY" missed="4" covered="5"/><counter type="METHOD" missed="0" covered="1"/></method><method name="initialAcquireAndExecute" desc="(Ljava/util/function/BooleanSupplier;Ljava/lang/Runnable;Ljava/util/function/Supplier;Z)Ljava/lang/Object;" line="919"><counter type="INSTRUCTION" missed="17" covered="90"/><counter type="BRANCH" missed="4" covered="22"/><counter type="LINE" missed="5" covered="28"/><counter type="COMPLEXITY" missed="4" covered="10"/><counter type="METHOD" missed="0" covered="1"/></method><method name="subsequentAcquireAndExecute" desc="(Lguardedexecutor/GuardedExecutor$Node;Ljava/util/function/BooleanSupplier;Ljava/lang/Runnable;Ljava/util/function/Supplier;)Ljava/lang/Object;" line="982"><counter type="INSTRUCTION" missed="9" covered="54"/><counter type="BRANCH" missed="2" covered="10"/><counter type="LINE" missed="3" covered="17"/><counter type="COMPLEXITY" missed="2" covered="5"/><counter type="METHOD" missed="0" covered="1"/></method><method name="executeTasksUpTo" desc="(Lguardedexecutor/GuardedExecutor$Node;Lguardedexecutor/GuardedExecutor$Node;)V" line="1021"><counter type="INSTRUCTION" missed="0" covered="15"/><counter type="BRANCH" missed="0" covered="2"/><counter type="LINE" missed="0" covered="5"/><counter type="COMPLEXITY" missed="0" covered="2"/><counter type="METHOD" missed="0" covered="1"/></method><method name="updateNextLinksUpTo" desc="(Lguardedexecutor/GuardedExecutor$Node;)Lguardedexecutor/GuardedExecutor$Node;" line="1034"><counter type="INSTRUCTION" missed="9" covered="12"/><counter type="BRANCH" missed="1" covered="1"/><counter type="LINE" missed="1" covered="4"/><counter type="COMPLEXITY" missed="1" covered="1"/><counter type="METHOD" missed="0" covered="1"/></method><method name="executeTasksFromHead" desc="(Lguardedexecutor/GuardedExecutor$Node;Lguardedexecutor/GuardedExecutor$Node;)V" line="1046"><counter type="INSTRUCTION" missed="31" covered="76"/><counter type="BRANCH" missed="12" covered="16"/><counter type="LINE" missed="12" covered="28"/><counter type="COMPLEXITY" missed="9" covered="6"/><counter type="METHOD" missed="0" covered="1"/></method><method name="cleanUpCompletedNodes" desc="(Lguardedexecutor/GuardedExecutor$Node;Lguardedexecutor/GuardedExecutor$Node;)V" line="1127"><counter type="INSTRUCTION" missed="17" covered="11"/><counter type="BRANCH" missed="3" covered="1"/><counter type="LINE" missed="5" covered="4"/><counter type="COMPLEXITY" missed="2" covered="1"/><counter type="METHOD" missed="0" covered="1"/></method><method name="unparkAnotherThreadIfNecessary" desc="(Lguardedexecutor/GuardedExecutor$Node;)V" line="1150"><counter type="INSTRUCTION" missed="1" covered="25"/><counter type="BRANCH" missed="1" covered="8"/><counter type="LINE" missed="1" covered="8"/><counter type="COMPLEXITY" missed="1" covered="5"/><counter type="METHOD" missed="0" covered="1"/></method><method name="addNewNodeAtTail" desc="(Ljava/util/function/BooleanSupplier;Ljava/lang/Runnable;Ljava/util/function/Supplier;)Lguardedexecutor/GuardedExecutor$Node;" line="1182"><counter type="INSTRUCTION" missed="1" covered="21"/><counter type="BRANCH" missed="1" covered="1"/><counter type="LINE" missed="1" covered="5"/><counter type="COMPLEXITY" missed="1" covered="1"/><counter type="METHOD" missed="0" covered="1"/></method><method name="cancelBeforeExecuting" desc="(Lguardedexecutor/GuardedExecutor$Node;)V" line="1198"><counter type="INSTRUCTION" missed="0" covered="7"/><counter type="LINE" missed="0" covered="3"/><counter type="COMPLEXITY" missed="0" covered="1"/><counter type="METHOD" missed="0" covered="1"/></method><method name="cancelBecauseThrowing" desc="(Lguardedexecutor/GuardedExecutor$Node;)V" line="1207"><counter type="INSTRUCTION" missed="10" covered="0"/><counter type="BRANCH" missed="2" covered="0"/><counter type="LINE" missed="4" covered="0"/><counter type="COMPLEXITY" missed="2" covered="0"/><counter type="METHOD" missed="1" covered="0"/></method><method name="cancelWithoutExecuting" desc="(Lguardedexecutor/GuardedExecutor$Node;)Z" line="1218"><counter type="INSTRUCTION" missed="2" covered="12"/><counter type="BRANCH" missed="1" covered="1"/><counter type="LINE" missed="1" covered="4"/><counter type="COMPLEXITY" missed="1" covered="1"/><counter type="METHOD" missed="0" covered="1"/></method><method name="beginExecuting" desc="(Lguardedexecutor/GuardedExecutor$Node;)Z" line="1230"><counter type="INSTRUCTION" missed="0" covered="4"/><counter type="LINE" missed="0" covered="1"/><counter type="COMPLEXITY" missed="0" covered="1"/><counter type="METHOD" missed="0" covered="1"/></method><method name="endExecuting" desc="(Lguardedexecutor/GuardedExecutor$Node;Ljava/lang/Object;Ljava/lang/Throwable;)V" line="1234"><counter type="INSTRUCTION" missed="0" covered="20"/><counter type="BRANCH" missed="0" covered="4"/><counter type="LINE" missed="0" covered="5"/><counter type="COMPLEXITY" missed="0" covered="3"/><counter type="METHOD" missed="0" covered="1"/></method><method name="consumeResultOrInterrupt" desc="(Lguardedexecutor/GuardedExecutor$Node;)Ljava/lang/Object;" line="1246"><counter type="INSTRUCTION" missed="4" covered="27"/><counter type="BRANCH" missed="1" covered="5"/><counter type="LINE" missed="1" covered="9"/><counter type="COMPLEXITY" missed="1" covered="3"/><counter type="METHOD" missed="0" covered="1"/></method><method name="consumeResult" desc="(Lguardedexecutor/GuardedExecutor$Node;Z)Ljava/lang/Object;" line="1267"><counter type="INSTRUCTION" missed="16" covered="49"/><counter type="BRANCH" missed="4" covered="9"/><counter type="LINE" missed="3" covered="16"/><counter type="COMPLEXITY" missed="4" covered="5"/><counter type="METHOD" missed="0" covered="1"/></method><method name="tryAcquireLock" desc="()Z" line="1309"><counter type="INSTRUCTION" missed="0" covered="13"/><counter type="BRANCH" missed="0" covered="2"/><counter type="LINE" missed="0" covered="4"/><counter type="COMPLEXITY" missed="0" covered="2"/><counter type="METHOD" missed="0" covered="1"/></method><method name="releaseLock" desc="(Lguardedexecutor/GuardedExecutor$Node;)V" line="1318"><counter type="INSTRUCTION" missed="0" covered="10"/><counter type="LINE" missed="0" covered="4"/><counter type="COMPLEXITY" missed="0" covered="1"/><counter type="METHOD" missed="0" covered="1"/></method><method name="lambda$tryProceedWhen$2" desc="()V" line="555"><counter type="INSTRUCTION" missed="1" covered="0"/><counter type="LINE" missed="1" covered="0"/><counter type="COMPLEXITY" missed="1" covered="0"/><counter type="METHOD" missed="1" covered="0"/></method><method name="lambda$proceedWhen$1" desc="()V" line="537"><counter type="INSTRUCTION" missed="0" covered="1"/><counter type="LINE" missed="0" covered="1"/><counter type="COMPLEXITY" missed="0" covered="1"/><counter type="METHOD" missed="0" covered="1"/></method><method name="lambda$proceed$0" desc="()V" line="520"><counter type="INSTRUCTION" missed="0" covered="1"/><counter type="LINE" missed="0" covered="1"/><counter type="COMPLEXITY" missed="0" covered="1"/><counter type="METHOD" missed="0" covered="1"/></method><method name="&lt;clinit&gt;" desc="()V" line="279"><counter type="INSTRUCTION" missed="2" covered="21"/><counter type="BRANCH" missed="1" covered="1"/><counter type="LINE" missed="0" covered="7"/><counter type="COMPLEXITY" missed="1" covered="1"/><counter type="METHOD" missed="0" covered="1"/></method><counter type="INSTRUCTION" missed="145" covered="1016"/><counter type="BRANCH" missed="46" covered="158"/><counter type="LINE" missed="42" covered="281"/><counter type="COMPLEXITY" missed="44" covered="111"/><counter type="METHOD" missed="3" covered="48"/><counter type="CLASS" missed="0" covered="1"/></class><class name="guardedexecutor/GuardedExecutor$Node" sourcefilename="GuardedExecutor.java"><method name="&lt;init&gt;" desc="(Ljava/util/function/BooleanSupplier;Ljava/lang/Runnable;Ljava/util/function/Supplier;)V" line="1377"><counter type="INSTRUCTION" missed="5" covered="21"/><counter type="BRANCH" missed="1" covered="3"/><counter type="LINE" missed="1" covered="8"/><counter type="COMPLEXITY" missed="1" covered="2"/><counter type="METHOD" missed="0" covered="1"/></method><method name="execute" desc="()Ljava/lang/Object;" line="1393"><counter type="INSTRUCTION" missed="0" covered="15"/><counter type="BRANCH" missed="0" covered="2"/><counter type="LINE" missed="0" covered="5"/><counter type="COMPLEXITY" missed="0" covered="2"/><counter type="METHOD" missed="0" covered="1"/></method><method name="complete" desc="(Ljava/lang/Object;)V" line="1403"><counter type="INSTRUCTION" missed="0" covered="10"/><counter type="LINE" missed="0" covered="4"/><counter type="COMPLEXITY" missed="0" covered="1"/><counter type="METHOD" missed="0" covered="1"/></method><method name="leaveWaitingStatus" desc="(I)Z" line="1409"><counter type="INSTRUCTION" missed="0" covered="6"/><counter type="LINE" missed="0" covered="1"/><counter type="COMPLEXITY" missed="0" covered="1"/><counter type="METHOD" missed="0" covered="1"/></method><method name="&lt;clinit&gt;" desc="()V" line="1367"><counter type="INSTRUCTION" missed="0" covered="5"/><counter type="LINE" missed="0" covered="2"/><counter type="COMPLEXITY" missed="0" covered="1"/><counter type="METHOD" missed="0" covered="1"/></method><counter type="INSTRUCTION" missed="5" covered="57"/><counter type="BRANCH" missed="1" covered="5"/><counter type="LINE" missed="1" covered="20"/><counter type="COMPLEXITY" missed="1" covered="7"/><counter type="METHOD" missed="0" covered="5"/><counter type="CLASS" missed="0" covered="1"/></class><sourcefile name="GuardedExecutor.java"><line nr="279" mi="2" ci="5" mb="1" cb="1"/><line nr="286" mi="0" ci="3" mb="0" cb="0"/><line nr="301" mi="0" ci="7" mb="0" cb="0"/><line nr="302" mi="0" ci="1" mb="0" cb="0"/><line nr="314" mi="0" ci="7" mb="0" cb="0"/><line nr="326" mi="0" ci="8" mb="0" cb="0"/><line nr="327" mi="0" ci="1" mb="0" cb="0"/><line nr="340" mi="0" ci="8" mb="0" cb="0"/><line nr="354" mi="0" ci="10" mb="0" cb="0"/><line nr="355" mi="0" ci="1" mb="0" cb="0"/><line nr="371" mi="0" ci="10" mb="0" cb="0"/><line nr="383" mi="0" ci="8" mb="0" cb="0"/><line nr="384" mi="0" ci="1" mb="0" cb="0"/><line nr="397" mi="0" ci="8" mb="0" cb="0"/><line nr="411" mi="0" ci="10" mb="0" cb="0"/><line nr="412" mi="0" ci="1" mb="0" cb="0"/><line nr="427" mi="0" ci="10" mb="0" cb="0"/><line nr="444" mi="0" ci="12" mb="0" cb="0"/><line nr="445" mi="0" ci="1" mb="0" cb="0"/><line nr="463" mi="0" ci="12" mb="0" cb="0"/><line nr="481" mi="0" ci="4" mb="0" cb="0"/><line nr="482" mi="0" ci="10" mb="0" cb="0"/><line nr="483" mi="0" ci="1" mb="0" cb="0"/><line nr="502" mi="0" ci="4" mb="0" cb="0"/><line nr="503" mi="0" ci="10" mb="0" cb="0"/><line nr="520" mi="0" ci="4" mb="0" cb="0"/><line nr="521" mi="0" ci="1" mb="0" cb="0"/><line nr="523" mi="0" ci="1" mb="0" cb="0"/><line nr="524" mi="0" ci="1" mb="0" cb="0"/><line nr="537" mi="0" ci="5" mb="0" cb="0"/><line nr="538" mi="0" ci="1" mb="0" cb="0"/><line nr="555" mi="7" ci="0" mb="0" cb="0"/><line nr="556" mi="1" ci="0" mb="0" cb="0"/><line nr="576" mi="0" ci="8" mb="0" cb="2"/><line nr="587" mi="0" ci="4" mb="0" cb="0"/><line nr="588" mi="0" ci="9" mb="0" cb="2"/><line nr="589" mi="0" ci="3" mb="0" cb="0"/><line nr="590" mi="0" ci="5" mb="1" cb="3"/><line nr="591" mi="0" ci="4" mb="0" cb="0"/><line nr="594" mi="0" ci="2" mb="0" cb="0"/><line nr="605" mi="0" ci="2" mb="0" cb="0"/><line nr="606" mi="0" ci="9" mb="0" cb="2"/><line nr="607" mi="0" ci="3" mb="0" cb="2"/><line nr="608" mi="0" ci="1" mb="0" cb="0"/><line nr="611" mi="0" ci="2" mb="0" cb="0"/><line nr="622" mi="0" ci="3" mb="0" cb="0"/><line nr="623" mi="0" ci="9" mb="0" cb="2"/><line nr="624" mi="0" ci="7" mb="1" cb="3"/><line nr="625" mi="0" ci="2" mb="0" cb="0"/><line nr="628" mi="0" ci="2" mb="0" cb="0"/><line nr="639" mi="0" ci="9" mb="0" cb="2"/><line nr="640" mi="0" ci="3" mb="0" cb="2"/><line nr="641" mi="0" ci="2" mb="0" cb="0"/><line nr="644" mi="0" ci="2" mb="0" cb="0"/><line nr="653" mi="0" ci="8" mb="0" cb="2"/><line nr="662" mi="0" ci="8" mb="0" cb="2"/><line nr="677" mi="0" ci="3" mb="0" cb="0"/><line nr="678" mi="0" ci="17" mb="0" cb="2"/><line nr="679" mi="0" ci="7" mb="0" cb="0"/><line nr="710" mi="0" ci="2" mb="0" cb="2"/><line nr="711" mi="0" ci="4" mb="0" cb="0"/><line nr="714" mi="0" ci="13" mb="0" cb="2"/><line nr="716" mi="0" ci="3" mb="0" cb="2"/><line nr="717" mi="0" ci="4" mb="0" cb="0"/><line nr="718" mi="0" ci="6" mb="0" cb="4"/><line nr="719" mi="0" ci="2" mb="0" cb="0"/><line nr="722" mi="4" ci="6" mb="2" cb="2"/><line nr="724" mi="0" ci="3" mb="0" cb="0"/><line nr="726" mi="0" ci="2" mb="0" cb="0"/><line nr="727" mi="0" ci="2" mb="0" cb="0"/><line nr="728" mi="0" ci="2" mb="0" cb="0"/><line nr="731" mi="0" ci="5" mb="0" cb="0"/><line nr="732" mi="0" ci="2" mb="0" cb="0"/><line nr="734" mi="0" ci="3" mb="0" cb="2"/><line nr="735" mi="0" ci="2" mb="0" cb="0"/><line nr="738" mi="0" ci="2" mb="0" cb="2"/><line nr="739" mi="0" ci="2" mb="0" cb="0"/><line nr="740" mi="0" ci="4" mb="0" cb="0"/><line nr="741" mi="0" ci="3" mb="0" cb="0"/><line nr="743" mi="0" ci="4" mb="0" cb="0"/><line nr="744" mi="0" ci="4" mb="1" cb="1"/><line nr="745" mi="0" ci="4" mb="0" cb="0"/><line nr="746" mi="0" ci="4" mb="0" cb="0"/><line nr="750" mi="0" ci="4" mb="0" cb="2"/><line nr="751" mi="0" ci="5" mb="0" cb="0"/><line nr="753" mi="0" ci="3" mb="1" cb="1"/><line nr="754" mi="2" ci="0" mb="0" cb="0"/><line nr="756" mi="0" ci="4" mb="0" cb="0"/><line nr="758" mi="0" ci="4" mb="1" cb="1"/><line nr="759" mi="0" ci="3" mb="0" cb="0"/><line nr="762" mi="0" ci="4" mb="0" cb="0"/><line nr="764" mi="0" ci="3" mb="0" cb="2"/><line nr="765" mi="0" ci="2" mb="0" cb="0"/><line nr="767" mi="0" ci="1" mb="0" cb="0"/><line nr="787" mi="0" ci="7" mb="0" cb="0"/><line nr="789" mi="0" ci="3" mb="0" cb="2"/><line nr="790" mi="0" ci="2" mb="0" cb="0"/><line nr="792" mi="0" ci="4" mb="0" cb="0"/><line nr="814" mi="0" ci="2" mb="0" cb="2"/><line nr="815" mi="0" ci="4" mb="0" cb="0"/><line nr="818" mi="0" ci="7" mb="0" cb="0"/><line nr="820" mi="4" ci="5" mb="2" cb="2"/><line nr="822" mi="0" ci="6" mb="0" cb="4"/><line nr="823" mi="0" ci="2" mb="0" cb="0"/><line nr="826" mi="0" ci="3" mb="0" cb="0"/><line nr="829" mi="0" ci="5" mb="0" cb="0"/><line nr="830" mi="0" ci="2" mb="0" cb="0"/><line nr="832" mi="0" ci="3" mb="0" cb="2"/><line nr="833" mi="0" ci="2" mb="0" cb="0"/><line nr="836" mi="0" ci="2" mb="0" cb="0"/><line nr="838" mi="0" ci="4" mb="0" cb="0"/><line nr="840" mi="0" ci="3" mb="0" cb="2"/><line nr="841" mi="0" ci="2" mb="0" cb="0"/><line nr="843" mi="0" ci="1" mb="0" cb="0"/><line nr="859" mi="0" ci="7" mb="0" cb="0"/><line nr="861" mi="4" ci="5" mb="2" cb="2"/><line nr="863" mi="0" ci="6" mb="0" cb="4"/><line nr="864" mi="0" ci="2" mb="0" cb="0"/><line nr="867" mi="0" ci="3" mb="0" cb="0"/><line nr="869" mi="0" ci="2" mb="0" cb="0"/><line nr="872" mi="0" ci="5" mb="0" cb="0"/><line nr="873" mi="0" ci="2" mb="0" cb="0"/><line nr="875" mi="0" ci="3" mb="0" cb="2"/><line nr="876" mi="0" ci="4" mb="0" cb="0"/><line nr="879" mi="0" ci="2" mb="1" cb="1"/><line nr="880" mi="2" ci="0" mb="0" cb="0"/><line nr="883" mi="0" ci="2" mb="0" cb="0"/><line nr="885" mi="0" ci="5" mb="0" cb="0"/><line nr="887" mi="0" ci="3" mb="0" cb="2"/><line nr="888" mi="0" ci="4" mb="0" cb="0"/><line nr="890" mi="0" ci="1" mb="0" cb="0"/><line nr="892" mi="0" ci="2" mb="1" cb="1"/><line nr="893" mi="2" ci="0" mb="0" cb="0"/><line nr="919" mi="0" ci="3" mb="0" cb="2"/><line nr="920" mi="0" ci="2" mb="0" cb="0"/><line nr="921" mi="0" ci="2" mb="0" cb="0"/><line nr="923" mi="0" ci="3" mb="0" cb="0"/><line nr="924" mi="0" ci="4" mb="0" cb="0"/><line nr="926" mi="0" ci="9" mb="0" cb="4"/><line nr="927" mi="0" ci="2" mb="0" cb="2"/><line nr="928" mi="0" ci="2" mb="0" cb="2"/><line nr="929" mi="0" ci="6" mb="0" cb="0"/><line nr="930" mi="0" ci="3" mb="0" cb="0"/><line nr="931" mi="0" ci="3" mb="1" cb="1"/><line nr="932" mi="4" ci="0" mb="0" cb="0"/><line nr="933" mi="3" ci="0" mb="0" cb="0"/><line nr="935" mi="0" ci="1" mb="0" cb="0"/><line nr="936" mi="0" ci="4" mb="0" cb="0"/><line nr="940" mi="0" ci="2" mb="0" cb="2"/><line nr="941" mi="0" ci="2" mb="1" cb="1"/><line nr="942" mi="3" ci="0" mb="0" cb="0"/><line nr="944" mi="0" ci="2" mb="0" cb="0"/><line nr="945" mi="0" ci="2" mb="0" cb="2"/><line nr="946" mi="0" ci="2" mb="0" cb="0"/><line nr="947" mi="0" ci="4" mb="0" cb="0"/><line nr="949" mi="0" ci="5" mb="0" cb="0"/><line nr="952" mi="0" ci="2" mb="0" cb="0"/><line nr="953" mi="0" ci="4" mb="0" cb="0"/><line nr="956" mi="0" ci="4" mb="1" cb="3"/><line nr="957" mi="3" ci="0" mb="0" cb="0"/><line nr="959" mi="0" ci="3" mb="0" cb="0"/><line nr="961" mi="0" ci="4" mb="1" cb="1"/><line nr="962" mi="4" ci="0" mb="0" cb="0"/><line nr="963" mi="0" ci="2" mb="0" cb="2"/><line nr="964" mi="0" ci="6" mb="0" cb="0"/><line nr="966" mi="0" ci="2" mb="0" cb="0"/><line nr="982" mi="0" ci="3" mb="0" cb="2"/><line nr="983" mi="0" ci="2" mb="0" cb="0"/><line nr="985" mi="0" ci="5" mb="0" cb="0"/><line nr="986" mi="0" ci="3" mb="1" cb="1"/><line nr="987" mi="2" ci="0" mb="0" cb="0"/><line nr="988" mi="4" ci="0" mb="0" cb="0"/><line nr="990" mi="0" ci="5" mb="0" cb="0"/><line nr="991" mi="0" ci="5" mb="0" cb="4"/><line nr="992" mi="0" ci="3" mb="0" cb="0"/><line nr="993" mi="0" ci="2" mb="0" cb="0"/><line nr="994" mi="0" ci="2" mb="0" cb="2"/><line nr="995" mi="0" ci="2" mb="0" cb="0"/><line nr="996" mi="0" ci="4" mb="0" cb="0"/><line nr="998" mi="0" ci="5" mb="0" cb="0"/><line nr="1001" mi="0" ci="2" mb="0" cb="0"/><line nr="1002" mi="0" ci="4" mb="0" cb="0"/><line nr="1006" mi="0" ci="2" mb="1" cb="1"/><line nr="1007" mi="3" ci="0" mb="0" cb="0"/><line nr="1009" mi="0" ci="3" mb="0" cb="0"/><line nr="1012" mi="0" ci="2" mb="0" cb="0"/><line nr="1021" mi="0" ci="2" mb="0" cb="2"/><line nr="1022" mi="0" ci="4" mb="0" cb="0"/><line nr="1023" mi="0" ci="4" mb="0" cb="0"/><line nr="1024" mi="0" ci="4" mb="0" cb="0"/><line nr="1026" mi="0" ci="1" mb="0" cb="0"/><line nr="1034" mi="0" ci="2" mb="0" cb="0"/><line nr="1035" mi="6" ci="5" mb="1" cb="1"/><line nr="1036" mi="3" ci="0" mb="0" cb="0"/><line nr="1038" mi="0" ci="3" mb="0" cb="0"/><line nr="1039" mi="0" ci="2" mb="0" cb="0"/><line nr="1046" mi="0" ci="2" mb="0" cb="0"/><line nr="1051" mi="0" ci="2" mb="1" cb="1"/><line nr="1052" mi="3" ci="0" mb="0" cb="0"/><line nr="1053" mi="3" ci="0" mb="0" cb="0"/><line nr="1055" mi="0" ci="2" mb="0" cb="0"/><line nr="1057" mi="0" ci="2" mb="0" cb="0"/><line nr="1059" mi="0" ci="8" mb="0" cb="2"/><line nr="1060" mi="0" ci="3" mb="0" cb="2"/><line nr="1065" mi="0" ci="3" mb="0" cb="0"/><line nr="1068" mi="0" ci="9" mb="0" cb="4"/><line nr="1069" mi="1" ci="0" mb="0" cb="0"/><line nr="1070" mi="4" ci="0" mb="2" cb="0"/><line nr="1071" mi="5" ci="0" mb="0" cb="0"/><line nr="1073" mi="3" ci="0" mb="2" cb="0"/><line nr="1074" mi="2" ci="0" mb="0" cb="0"/><line nr="1076" mi="3" ci="0" mb="2" cb="0"/><line nr="1077" mi="3" ci="0" mb="0" cb="0"/><line nr="1079" mi="1" ci="0" mb="0" cb="0"/><line nr="1081" mi="0" ci="1" mb="0" cb="0"/><line nr="1082" mi="0" ci="2" mb="0" cb="2"/><line nr="1083" mi="0" ci="2" mb="0" cb="0"/><line nr="1084" mi="0" ci="1" mb="0" cb="0"/><line nr="1086" mi="0" ci="3" mb="1" cb="1"/><line nr="1087" mi="0" ci="3" mb="0" cb="0"/><line nr="1089" mi="0" ci="4" mb="1" cb="1"/><line nr="1090" mi="0" ci="2" mb="0" cb="0"/><line nr="1091" mi="0" ci="2" mb="0" cb="0"/><line nr="1096" mi="0" ci="3" mb="0" cb="0"/><line nr="1097" mi="0" ci="1" mb="0" cb="0"/><line nr="1098" mi="0" ci="2" mb="0" cb="0"/><line nr="1099" mi="0" ci="3" mb="1" cb="1"/><line nr="1100" mi="2" ci="0" mb="0" cb="0"/><line nr="1103" mi="0" ci="5" mb="0" cb="0"/><line nr="1105" mi="0" ci="2" mb="1" cb="1"/><line nr="1108" mi="1" ci="0" mb="0" cb="0"/><line nr="1111" mi="0" ci="1" mb="0" cb="0"/><line nr="1112" mi="0" ci="3" mb="1" cb="1"/><line nr="1113" mi="0" ci="3" mb="0" cb="0"/><line nr="1118" mi="0" ci="1" mb="0" cb="0"/><line nr="1120" mi="0" ci="1" mb="0" cb="0"/><line nr="1127" mi="0" ci="2" mb="0" cb="0"/><line nr="1129" mi="3" ci="5" mb="1" cb="1"/><line nr="1130" mi="3" ci="0" mb="0" cb="0"/><line nr="1131" mi="3" ci="0" mb="0" cb="0"/><line nr="1133" mi="3" ci="0" mb="2" cb="0"/><line nr="1134" mi="3" ci="0" mb="0" cb="0"/><line nr="1135" mi="2" ci="0" mb="0" cb="0"/><line nr="1138" mi="0" ci="3" mb="0" cb="0"/><line nr="1139" mi="0" ci="1" mb="0" cb="0"/><line nr="1150" mi="0" ci="4" mb="0" cb="2"/><line nr="1153" mi="0" ci="1" mb="0" cb="0"/><line nr="1155" mi="0" ci="9" mb="0" cb="2"/><line nr="1156" mi="0" ci="3" mb="1" cb="2"/><line nr="1158" mi="0" ci="3" mb="0" cb="2"/><line nr="1164" mi="0" ci="3" mb="0" cb="0"/><line nr="1166" mi="0" ci="1" mb="0" cb="0"/><line nr="1170" mi="1" ci="0" mb="0" cb="0"/><line nr="1176" mi="0" ci="1" mb="0" cb="0"/><line nr="1182" mi="0" ci="7" mb="0" cb="0"/><line nr="1185" mi="0" ci="3" mb="0" cb="0"/><line nr="1186" mi="0" ci="3" mb="0" cb="0"/><line nr="1187" mi="0" ci="6" mb="1" cb="1"/><line nr="1188" mi="0" ci="2" mb="0" cb="0"/><line nr="1190" mi="1" ci="0" mb="0" cb="0"/><line nr="1198" mi="0" ci="3" mb="0" cb="0"/><line nr="1199" mi="0" ci="3" mb="0" cb="0"/><line nr="1200" mi="0" ci="1" mb="0" cb="0"/><line nr="1207" mi="3" ci="0" mb="2" cb="0"/><line nr="1208" mi="3" ci="0" mb="0" cb="0"/><line nr="1209" mi="3" ci="0" mb="0" cb="0"/><line nr="1211" mi="1" ci="0" mb="0" cb="0"/><line nr="1218" mi="0" ci="4" mb="1" cb="1"/><line nr="1219" mi="0" ci="3" mb="0" cb="0"/><line nr="1220" mi="0" ci="3" mb="0" cb="0"/><line nr="1221" mi="0" ci="2" mb="0" cb="0"/><line nr="1223" mi="2" ci="0" mb="0" cb="0"/><line nr="1230" mi="0" ci="4" mb="0" cb="0"/><line nr="1234" mi="0" ci="3" mb="0" cb="0"/><line nr="1235" mi="0" ci="7" mb="0" cb="2"/><line nr="1236" mi="0" ci="7" mb="0" cb="2"/><line nr="1237" mi="0" ci="2" mb="0" cb="0"/><line nr="1238" mi="0" ci="1" mb="0" cb="0"/><line nr="1246" mi="0" ci="2" mb="0" cb="2"/><line nr="1247" mi="0" ci="2" mb="0" cb="0"/><line nr="1249" mi="0" ci="5" mb="0" cb="0"/><line nr="1250" mi="0" ci="3" mb="1" cb="1"/><line nr="1251" mi="4" ci="0" mb="0" cb="0"/><line nr="1253" mi="0" ci="2" mb="0" cb="0"/><line nr="1254" mi="0" ci="4" mb="0" cb="0"/><line nr="1257" mi="0" ci="2" mb="0" cb="2"/><line nr="1258" mi="0" ci="2" mb="0" cb="0"/><line nr="1262" mi="0" ci="5" mb="0" cb="0"/><line nr="1267" mi="0" ci="2" mb="0" cb="0"/><line nr="1270" mi="0" ci="3" mb="0" cb="0"/><line nr="1271" mi="0" ci="2" mb="1" cb="4"/><line nr="1276" mi="0" ci="2" mb="1" cb="1"/><line nr="1277" mi="2" ci="0" mb="0" cb="0"/><line nr="1279" mi="0" ci="2" mb="0" cb="0"/><line nr="1280" mi="0" ci="1" mb="0" cb="0"/><line nr="1282" mi="0" ci="3" mb="0" cb="0"/><line nr="1283" mi="0" ci="3" mb="0" cb="0"/><line nr="1284" mi="0" ci="4" mb="0" cb="0"/><line nr="1286" mi="0" ci="4" mb="0" cb="0"/><line nr="1287" mi="0" ci="3" mb="0" cb="0"/><line nr="1288" mi="0" ci="5" mb="0" cb="0"/><line nr="1289" mi="0" ci="3" mb="0" cb="0"/><line nr="1291" mi="0" ci="6" mb="1" cb="3"/><line nr="1292" mi="0" ci="4" mb="0" cb="0"/><line nr="1298" mi="12" ci="0" mb="0" cb="0"/><line nr="1302" mi="0" ci="2" mb="1" cb="1"/><line nr="1303" mi="2" ci="0" mb="0" cb="0"/><line nr="1309" mi="0" ci="6" mb="0" cb="2"/><line nr="1310" mi="0" ci="3" mb="0" cb="0"/><line nr="1311" mi="0" ci="2" mb="0" cb="0"/><line nr="1313" mi="0" ci="2" mb="0" cb="0"/><line nr="1318" mi="0" ci="3" mb="0" cb="0"/><line nr="1319" mi="0" ci="3" mb="0" cb="0"/><line nr="1320" mi="0" ci="3" mb="0" cb="0"/><line nr="1321" mi="0" ci="1" mb="0" cb="0"/><line nr="1332" mi="0" ci="2" mb="0" cb="0"/><line nr="1344" mi="0" ci="4" mb="0" cb="0"/><line nr="1357" mi="0" ci="2" mb="0" cb="0"/><line nr="1358" mi="0" ci="2" mb="0" cb="0"/><line nr="1359" mi="0" ci="4" mb="0" cb="0"/><line nr="1360" mi="0" ci="2" mb="0" cb="0"/><line nr="1362" mi="0" ci="3" mb="0" cb="0"/><line nr="1363" mi="0" ci="3" mb="0" cb="0"/><line nr="1367" mi="0" ci="3" mb="0" cb="0"/><line nr="1368" mi="0" ci="2" mb="0" cb="0"/><line nr="1377" mi="0" ci="2" mb="0" cb="0"/><line nr="1378" mi="0" ci="3" mb="0" cb="0"/><line nr="1379" mi="0" ci="3" mb="0" cb="0"/><line nr="1381" mi="0" ci="2" mb="0" cb="2"/><line nr="1382" mi="0" ci="4" mb="0" cb="0"/><line nr="1383" mi="0" ci="3" mb="1" cb="1"/><line nr="1385" mi="5" ci="0" mb="0" cb="0"/><line nr="1388" mi="0" ci="3" mb="0" cb="0"/><line nr="1390" mi="0" ci="1" mb="0" cb="0"/><line nr="1393" mi="0" ci="3" mb="0" cb="0"/><line nr="1394" mi="0" ci="3" mb="0" cb="2"/><line nr="1395" mi="0" ci="3" mb="0" cb="0"/><line nr="1396" mi="0" ci="2" mb="0" cb="0"/><line nr="1398" mi="0" ci="4" mb="0" cb="0"/><line nr="1403" mi="0" ci="3" mb="0" cb="0"/><line nr="1404" mi="0" ci="3" mb="0" cb="0"/><line nr="1405" mi="0" ci="3" mb="0" cb="0"/><line nr="1406" mi="0" ci="1" mb="0" cb="0"/><line nr="1409" mi="0" ci="6" mb="0" cb="0"/><counter type="INSTRUCTION" missed="150" covered="1073"/><counter type="BRANCH" missed="47" covered="163"/><counter type="LINE" missed="43" covered="301"/><counter type="COMPLEXITY" missed="45" covered="118"/><counter type="METHOD" missed="3" covered="53"/><counter type="CLASS" missed="0" covered="2"/></sourcefile><counter type="INSTRUCTION" missed="150" covered="1073"/><counter type="BRANCH" missed="47" covered="163"/><counter type="LINE" missed="43" covered="301"/><counter type="COMPLEXITY" missed="45" covered="118"/><counter type="METHOD" missed="3" covered="53"/><counter type="CLASS" missed="0" covered="2"/></package><counter type="INSTRUCTION" missed="150" covered="1073"/><counter type="BRANCH" missed="47" covered="163"/><counter type="LINE" missed="43" covered="301"/><counter type="COMPLEXITY" missed="45" covered="118"/><counter type="METHOD" missed="3" covered="53"/><counter type="CLASS" missed="0" covered="2"/></report>