<?xml version="1.0" encoding="UTF-8" standalone="yes"?><!DOCTYPE report PUBLIC "-//JACOCO//DTD Report 1.1//EN" "report.dtd"><report name="guarded-executor"><sessioninfo id="penguin-75de1c0a" start="1577744633647" dump="1577744645126"/><package name="guardedexecutor"><class name="guardedexecutor/GuardedExecutor" sourcefilename="GuardedExecutor.java"><method name="&lt;init&gt;" desc="()V" line="286"><counter type="INSTRUCTION" missed="0" covered="9"/><counter type="LINE" missed="0" covered="3"/><counter type="COMPLEXITY" missed="0" covered="1"/><counter type="METHOD" missed="0" covered="1"/></method><method name="execute" desc="(Ljava/lang/Runnable;)V" line="301"><counter type="INSTRUCTION" missed="0" covered="8"/><counter type="LINE" missed="0" covered="2"/><counter type="COMPLEXITY" missed="0" covered="1"/><counter type="METHOD" missed="0" covered="1"/></method><method name="execute" desc="(Ljava/util/function/Supplier;)Ljava/lang/Object;" line="314"><counter type="INSTRUCTION" missed="0" covered="7"/><counter type="LINE" missed="0" covered="1"/><counter type="COMPLEXITY" missed="0" covered="1"/><counter type="METHOD" missed="0" covered="1"/></method><method name="executeInterruptibly" desc="(Ljava/lang/Runnable;)V" line="326"><counter type="INSTRUCTION" missed="0" covered="9"/><counter type="LINE" missed="0" covered="2"/><counter type="COMPLEXITY" missed="0" covered="1"/><counter type="METHOD" missed="0" covered="1"/></method><method name="executeInterruptibly" desc="(Ljava/util/function/Supplier;)Ljava/lang/Object;" line="340"><counter type="INSTRUCTION" missed="0" covered="8"/><counter type="LINE" missed="0" covered="1"/><counter type="COMPLEXITY" missed="0" covered="1"/><counter type="METHOD" missed="0" covered="1"/></method><method name="executeWhen" desc="(Ljava/util/function/BooleanSupplier;Ljava/lang/Runnable;)V" line="354"><counter type="INSTRUCTION" missed="0" covered="11"/><counter type="LINE" missed="0" covered="2"/><counter type="COMPLEXITY" missed="0" covered="1"/><counter type="METHOD" missed="0" covered="1"/></method><method name="executeWhen" desc="(Ljava/util/function/BooleanSupplier;Ljava/util/function/Supplier;)Ljava/lang/Object;" line="371"><counter type="INSTRUCTION" missed="0" covered="10"/><counter type="LINE" missed="0" covered="1"/><counter type="COMPLEXITY" missed="0" covered="1"/><counter type="METHOD" missed="0" covered="1"/></method><method name="tryExecute" desc="(Ljava/lang/Runnable;)V" line="383"><counter type="INSTRUCTION" missed="0" covered="9"/><counter type="LINE" missed="0" covered="2"/><counter type="COMPLEXITY" missed="0" covered="1"/><counter type="METHOD" missed="0" covered="1"/></method><method name="tryExecute" desc="(Ljava/util/function/Supplier;)Ljava/lang/Object;" line="397"><counter type="INSTRUCTION" missed="0" covered="8"/><counter type="LINE" missed="0" covered="1"/><counter type="COMPLEXITY" missed="0" covered="1"/><counter type="METHOD" missed="0" covered="1"/></method><method name="tryExecuteIf" desc="(Ljava/util/function/BooleanSupplier;Ljava/lang/Runnable;)V" line="411"><counter type="INSTRUCTION" missed="0" covered="11"/><counter type="LINE" missed="0" covered="2"/><counter type="COMPLEXITY" missed="0" covered="1"/><counter type="METHOD" missed="0" covered="1"/></method><method name="tryExecuteIf" desc="(Ljava/util/function/BooleanSupplier;Ljava/util/function/Supplier;)Ljava/lang/Object;" line="427"><counter type="INSTRUCTION" missed="0" covered="10"/><counter type="LINE" missed="0" covered="1"/><counter type="COMPLEXITY" missed="0" covered="1"/><counter type="METHOD" missed="0" covered="1"/></method><method name="tryExecute" desc="(JLjava/util/concurrent/TimeUnit;Ljava/lang/Runnable;)V" line="444"><counter type="INSTRUCTION" missed="0" covered="13"/><counter type="LINE" missed="0" covered="2"/><counter type="COMPLEXITY" missed="0" covered="1"/><counter type="METHOD" missed="0" covered="1"/></method><method name="tryExecute" desc="(JLjava/util/concurrent/TimeUnit;Ljava/util/function/Supplier;)Ljava/lang/Object;" line="463"><counter type="INSTRUCTION" missed="0" covered="12"/><counter type="LINE" missed="0" covered="1"/><counter type="COMPLEXITY" missed="0" covered="1"/><counter type="METHOD" missed="0" covered="1"/></method><method name="tryExecuteWhen" desc="(Ljava/util/function/BooleanSupplier;JLjava/util/concurrent/TimeUnit;Ljava/lang/Runnable;)V" line="481"><counter type="INSTRUCTION" missed="0" covered="15"/><counter type="LINE" missed="0" covered="3"/><counter type="COMPLEXITY" missed="0" covered="1"/><counter type="METHOD" missed="0" covered="1"/></method><method name="tryExecuteWhen" desc="(Ljava/util/function/BooleanSupplier;JLjava/util/concurrent/TimeUnit;Ljava/util/function/Supplier;)Ljava/lang/Object;" line="502"><counter type="INSTRUCTION" missed="0" covered="14"/><counter type="LINE" missed="0" covered="2"/><counter type="COMPLEXITY" missed="0" covered="1"/><counter type="METHOD" missed="0" covered="1"/></method><method name="proceed" desc="()V" line="520"><counter type="INSTRUCTION" missed="0" covered="6"/><counter type="LINE" missed="0" covered="4"/><counter type="COMPLEXITY" missed="0" covered="1"/><counter type="METHOD" missed="0" covered="1"/></method><method name="proceedWhen" desc="(Ljava/util/function/BooleanSupplier;)V" line="537"><counter type="INSTRUCTION" missed="0" covered="5"/><counter type="LINE" missed="0" covered="2"/><counter type="COMPLEXITY" missed="0" covered="1"/><counter type="METHOD" missed="0" covered="1"/></method><method name="tryProceedWhen" desc="(Ljava/util/function/BooleanSupplier;JLjava/util/concurrent/TimeUnit;)V" line="555"><counter type="INSTRUCTION" missed="0" covered="7"/><counter type="LINE" missed="0" covered="2"/><counter type="COMPLEXITY" missed="0" covered="1"/><counter type="METHOD" missed="0" covered="1"/></method><method name="getExecutingThread" desc="()Ljava/lang/Thread;" line="576"><counter type="INSTRUCTION" missed="0" covered="8"/><counter type="BRANCH" missed="0" covered="2"/><counter type="LINE" missed="0" covered="1"/><counter type="COMPLEXITY" missed="0" covered="2"/><counter type="METHOD" missed="0" covered="1"/></method><method name="getQueuedThreads" desc="()Ljava/util/Collection;" line="587"><counter type="INSTRUCTION" missed="0" covered="27"/><counter type="BRANCH" missed="1" covered="5"/><counter type="LINE" missed="0" covered="6"/><counter type="COMPLEXITY" missed="1" covered="3"/><counter type="METHOD" missed="0" covered="1"/></method><method name="getQueueLength" desc="()I" line="605"><counter type="INSTRUCTION" missed="0" covered="17"/><counter type="BRANCH" missed="0" covered="4"/><counter type="LINE" missed="0" covered="5"/><counter type="COMPLEXITY" missed="0" covered="3"/><counter type="METHOD" missed="0" covered="1"/></method><method name="hasQueuedThread" desc="(Ljava/lang/Thread;)Z" line="622"><counter type="INSTRUCTION" missed="0" covered="23"/><counter type="BRANCH" missed="1" covered="5"/><counter type="LINE" missed="0" covered="5"/><counter type="COMPLEXITY" missed="1" covered="3"/><counter type="METHOD" missed="0" covered="1"/></method><method name="hasQueuedThreads" desc="()Z" line="639"><counter type="INSTRUCTION" missed="0" covered="16"/><counter type="BRANCH" missed="0" covered="4"/><counter type="LINE" missed="0" covered="4"/><counter type="COMPLEXITY" missed="0" covered="3"/><counter type="METHOD" missed="0" covered="1"/></method><method name="isExecuting" desc="()Z" line="653"><counter type="INSTRUCTION" missed="0" covered="8"/><counter type="BRANCH" missed="0" covered="2"/><counter type="LINE" missed="0" covered="1"/><counter type="COMPLEXITY" missed="0" covered="2"/><counter type="METHOD" missed="0" covered="1"/></method><method name="isExecutingInCurrentThread" desc="()Z" line="662"><counter type="INSTRUCTION" missed="0" covered="8"/><counter type="BRANCH" missed="0" covered="2"/><counter type="LINE" missed="0" covered="1"/><counter type="COMPLEXITY" missed="0" covered="2"/><counter type="METHOD" missed="0" covered="1"/></method><method name="toString" desc="()Ljava/lang/String;" line="677"><counter type="INSTRUCTION" missed="0" covered="27"/><counter type="BRANCH" missed="0" covered="2"/><counter type="LINE" missed="0" covered="3"/><counter type="COMPLEXITY" missed="0" covered="2"/><counter type="METHOD" missed="0" covered="1"/></method><method name="doExecuteWithTimeout" desc="(Ljava/util/function/BooleanSupplier;JLjava/util/concurrent/TimeUnit;Ljava/lang/Runnable;Ljava/util/function/Supplier;)Ljava/lang/Object;" line="710"><counter type="INSTRUCTION" missed="6" covered="121"/><counter type="BRANCH" missed="5" covered="23"/><counter type="LINE" missed="1" covered="34"/><counter type="COMPLEXITY" missed="5" covered="10"/><counter type="METHOD" missed="0" covered="1"/></method><method name="doExecuteImmediately" desc="(Ljava/util/function/BooleanSupplier;Ljava/lang/Runnable;Ljava/util/function/Supplier;)Ljava/lang/Object;" line="787"><counter type="INSTRUCTION" missed="0" covered="16"/><counter type="BRANCH" missed="0" covered="2"/><counter type="LINE" missed="0" covered="4"/><counter type="COMPLEXITY" missed="0" covered="2"/><counter type="METHOD" missed="0" covered="1"/></method><method name="doExecuteInterruptibly" desc="(Ljava/util/function/BooleanSupplier;Ljava/lang/Runnable;Ljava/util/function/Supplier;)Ljava/lang/Object;" line="814"><counter type="INSTRUCTION" missed="4" covered="53"/><counter type="BRANCH" missed="2" covered="12"/><counter type="LINE" missed="0" covered="16"/><counter type="COMPLEXITY" missed="2" covered="6"/><counter type="METHOD" missed="0" covered="1"/></method><method name="doExecuteUninterruptibly" desc="(Ljava/lang/Runnable;Ljava/util/function/Supplier;)Ljava/lang/Object;" line="859"><counter type="INSTRUCTION" missed="4" covered="62"/><counter type="BRANCH" missed="2" covered="14"/><counter type="LINE" missed="0" covered="19"/><counter type="COMPLEXITY" missed="2" covered="7"/><counter type="METHOD" missed="0" covered="1"/></method><method name="initialAcquireAndExecute" desc="(Ljava/util/function/BooleanSupplier;Ljava/lang/Runnable;Ljava/util/function/Supplier;Z)Ljava/lang/Object;" line="919"><counter type="INSTRUCTION" missed="0" covered="107"/><counter type="BRANCH" missed="0" covered="26"/><counter type="LINE" missed="0" covered="33"/><counter type="COMPLEXITY" missed="0" covered="14"/><counter type="METHOD" missed="0" covered="1"/></method><method name="subsequentAcquireAndExecute" desc="(Lguardedexecutor/GuardedExecutor$Node;Ljava/util/function/BooleanSupplier;Ljava/lang/Runnable;Ljava/util/function/Supplier;)Ljava/lang/Object;" line="982"><counter type="INSTRUCTION" missed="6" covered="57"/><counter type="BRANCH" missed="1" covered="11"/><counter type="LINE" missed="2" covered="18"/><counter type="COMPLEXITY" missed="1" covered="6"/><counter type="METHOD" missed="0" covered="1"/></method><method name="executeTasksUpTo" desc="(Lguardedexecutor/GuardedExecutor$Node;Lguardedexecutor/GuardedExecutor$Node;)V" line="1021"><counter type="INSTRUCTION" missed="0" covered="15"/><counter type="BRANCH" missed="0" covered="2"/><counter type="LINE" missed="0" covered="5"/><counter type="COMPLEXITY" missed="0" covered="2"/><counter type="METHOD" missed="0" covered="1"/></method><method name="updateNextLinksUpTo" desc="(Lguardedexecutor/GuardedExecutor$Node;)Lguardedexecutor/GuardedExecutor$Node;" line="1034"><counter type="INSTRUCTION" missed="0" covered="21"/><counter type="BRANCH" missed="0" covered="2"/><counter type="LINE" missed="0" covered="5"/><counter type="COMPLEXITY" missed="0" covered="2"/><counter type="METHOD" missed="0" covered="1"/></method><method name="executeTasksFromHead" desc="(Lguardedexecutor/GuardedExecutor$Node;Lguardedexecutor/GuardedExecutor$Node;)V" line="1046"><counter type="INSTRUCTION" missed="0" covered="45"/><counter type="BRANCH" missed="0" covered="14"/><counter type="LINE" missed="0" covered="11"/><counter type="COMPLEXITY" missed="0" covered="8"/><counter type="METHOD" missed="0" covered="1"/></method><method name="evaluateGuard" desc="(Lguardedexecutor/GuardedExecutor$Node;)Z" line="1068"><counter type="INSTRUCTION" missed="0" covered="29"/><counter type="BRANCH" missed="0" covered="8"/><counter type="LINE" missed="0" covered="8"/><counter type="COMPLEXITY" missed="0" covered="5"/><counter type="METHOD" missed="0" covered="1"/></method><method name="attemptExecute" desc="(Lguardedexecutor/GuardedExecutor$Node;)Z" line="1086"><counter type="INSTRUCTION" missed="0" covered="28"/><counter type="BRANCH" missed="0" covered="4"/><counter type="LINE" missed="0" covered="11"/><counter type="COMPLEXITY" missed="0" covered="3"/><counter type="METHOD" missed="0" covered="1"/></method><method name="cleanUpCompletedNodes" desc="(Lguardedexecutor/GuardedExecutor$Node;Lguardedexecutor/GuardedExecutor$Node;)V" line="1110"><counter type="INSTRUCTION" missed="0" covered="28"/><counter type="BRANCH" missed="0" covered="4"/><counter type="LINE" missed="0" covered="9"/><counter type="COMPLEXITY" missed="0" covered="3"/><counter type="METHOD" missed="0" covered="1"/></method><method name="unparkAnotherThreadIfNecessary" desc="(Lguardedexecutor/GuardedExecutor$Node;)V" line="1133"><counter type="INSTRUCTION" missed="1" covered="25"/><counter type="BRANCH" missed="1" covered="8"/><counter type="LINE" missed="1" covered="8"/><counter type="COMPLEXITY" missed="1" covered="5"/><counter type="METHOD" missed="0" covered="1"/></method><method name="addNewNodeAtTail" desc="(Ljava/util/function/BooleanSupplier;Ljava/lang/Runnable;Ljava/util/function/Supplier;)Lguardedexecutor/GuardedExecutor$Node;" line="1165"><counter type="INSTRUCTION" missed="1" covered="21"/><counter type="BRANCH" missed="1" covered="1"/><counter type="LINE" missed="1" covered="5"/><counter type="COMPLEXITY" missed="1" covered="1"/><counter type="METHOD" missed="0" covered="1"/></method><method name="cancelBeforeExecuting" desc="(Lguardedexecutor/GuardedExecutor$Node;)V" line="1181"><counter type="INSTRUCTION" missed="0" covered="7"/><counter type="LINE" missed="0" covered="3"/><counter type="COMPLEXITY" missed="0" covered="1"/><counter type="METHOD" missed="0" covered="1"/></method><method name="cancelBecauseThrowing" desc="(Lguardedexecutor/GuardedExecutor$Node;)V" line="1190"><counter type="INSTRUCTION" missed="0" covered="10"/><counter type="BRANCH" missed="1" covered="1"/><counter type="LINE" missed="0" covered="4"/><counter type="COMPLEXITY" missed="1" covered="1"/><counter type="METHOD" missed="0" covered="1"/></method><method name="cancelWithoutExecuting" desc="(Lguardedexecutor/GuardedExecutor$Node;)Z" line="1201"><counter type="INSTRUCTION" missed="2" covered="12"/><counter type="BRANCH" missed="1" covered="1"/><counter type="LINE" missed="1" covered="4"/><counter type="COMPLEXITY" missed="1" covered="1"/><counter type="METHOD" missed="0" covered="1"/></method><method name="beginExecuting" desc="(Lguardedexecutor/GuardedExecutor$Node;)Z" line="1213"><counter type="INSTRUCTION" missed="0" covered="4"/><counter type="LINE" missed="0" covered="1"/><counter type="COMPLEXITY" missed="0" covered="1"/><counter type="METHOD" missed="0" covered="1"/></method><method name="endExecuting" desc="(Lguardedexecutor/GuardedExecutor$Node;Ljava/lang/Object;Ljava/lang/Throwable;)V" line="1217"><counter type="INSTRUCTION" missed="0" covered="20"/><counter type="BRANCH" missed="0" covered="4"/><counter type="LINE" missed="0" covered="5"/><counter type="COMPLEXITY" missed="0" covered="3"/><counter type="METHOD" missed="0" covered="1"/></method><method name="consumeResultOrInterrupt" desc="(Lguardedexecutor/GuardedExecutor$Node;)Ljava/lang/Object;" line="1229"><counter type="INSTRUCTION" missed="0" covered="31"/><counter type="BRANCH" missed="0" covered="6"/><counter type="LINE" missed="0" covered="10"/><counter type="COMPLEXITY" missed="0" covered="4"/><counter type="METHOD" missed="0" covered="1"/></method><method name="consumeResult" desc="(Lguardedexecutor/GuardedExecutor$Node;Z)Ljava/lang/Object;" line="1250"><counter type="INSTRUCTION" missed="16" covered="49"/><counter type="BRANCH" missed="4" covered="9"/><counter type="LINE" missed="3" covered="16"/><counter type="COMPLEXITY" missed="4" covered="5"/><counter type="METHOD" missed="0" covered="1"/></method><method name="tryAcquireLock" desc="()Z" line="1292"><counter type="INSTRUCTION" missed="0" covered="13"/><counter type="BRANCH" missed="0" covered="2"/><counter type="LINE" missed="0" covered="4"/><counter type="COMPLEXITY" missed="0" covered="2"/><counter type="METHOD" missed="0" covered="1"/></method><method name="releaseLock" desc="(Lguardedexecutor/GuardedExecutor$Node;)V" line="1301"><counter type="INSTRUCTION" missed="0" covered="10"/><counter type="LINE" missed="0" covered="4"/><counter type="COMPLEXITY" missed="0" covered="1"/><counter type="METHOD" missed="0" covered="1"/></method><method name="lambda$tryProceedWhen$2" desc="()V" line="555"><counter type="INSTRUCTION" missed="0" covered="1"/><counter type="LINE" missed="0" covered="1"/><counter type="COMPLEXITY" missed="0" covered="1"/><counter type="METHOD" missed="0" covered="1"/></method><method name="lambda$proceedWhen$1" desc="()V" line="537"><counter type="INSTRUCTION" missed="0" covered="1"/><counter type="LINE" missed="0" covered="1"/><counter type="COMPLEXITY" missed="0" covered="1"/><counter type="METHOD" missed="0" covered="1"/></method><method name="lambda$proceed$0" desc="()V" line="520"><counter type="INSTRUCTION" missed="0" covered="1"/><counter type="LINE" missed="0" covered="1"/><counter type="COMPLEXITY" missed="0" covered="1"/><counter type="METHOD" missed="0" covered="1"/></method><method name="&lt;clinit&gt;" desc="()V" line="279"><counter type="INSTRUCTION" missed="2" covered="21"/><counter type="BRANCH" missed="1" covered="1"/><counter type="LINE" missed="0" covered="7"/><counter type="COMPLEXITY" missed="1" covered="1"/><counter type="METHOD" missed="0" covered="1"/></method><counter type="INSTRUCTION" missed="42" covered="1114"/><counter type="BRANCH" missed="21" covered="181"/><counter type="LINE" missed="9" covered="304"/><counter type="COMPLEXITY" missed="21" covered="135"/><counter type="METHOD" missed="0" covered="53"/><counter type="CLASS" missed="0" covered="1"/></class><class name="guardedexecutor/GuardedExecutor$Node" sourcefilename="GuardedExecutor.java"><method name="&lt;init&gt;" desc="(Ljava/util/function/BooleanSupplier;Ljava/lang/Runnable;Ljava/util/function/Supplier;)V" line="1360"><counter type="INSTRUCTION" missed="0" covered="26"/><counter type="BRANCH" missed="0" covered="4"/><counter type="LINE" missed="0" covered="9"/><counter type="COMPLEXITY" missed="0" covered="3"/><counter type="METHOD" missed="0" covered="1"/></method><method name="execute" desc="()Ljava/lang/Object;" line="1376"><counter type="INSTRUCTION" missed="0" covered="15"/><counter type="BRANCH" missed="0" covered="2"/><counter type="LINE" missed="0" covered="5"/><counter type="COMPLEXITY" missed="0" covered="2"/><counter type="METHOD" missed="0" covered="1"/></method><method name="complete" desc="(Ljava/lang/Object;)V" line="1386"><counter type="INSTRUCTION" missed="0" covered="10"/><counter type="LINE" missed="0" covered="4"/><counter type="COMPLEXITY" missed="0" covered="1"/><counter type="METHOD" missed="0" covered="1"/></method><method name="leaveWaitingStatus" desc="(I)Z" line="1392"><counter type="INSTRUCTION" missed="0" covered="6"/><counter type="LINE" missed="0" covered="1"/><counter type="COMPLEXITY" missed="0" covered="1"/><counter type="METHOD" missed="0" covered="1"/></method><method name="&lt;clinit&gt;" desc="()V" line="1350"><counter type="INSTRUCTION" missed="0" covered="5"/><counter type="LINE" missed="0" covered="2"/><counter type="COMPLEXITY" missed="0" covered="1"/><counter type="METHOD" missed="0" covered="1"/></method><counter type="INSTRUCTION" missed="0" covered="62"/><counter type="BRANCH" missed="0" covered="6"/><counter type="LINE" missed="0" covered="21"/><counter type="COMPLEXITY" missed="0" covered="8"/><counter type="METHOD" missed="0" covered="5"/><counter type="CLASS" missed="0" covered="1"/></class><sourcefile name="GuardedExecutor.java"><line nr="279" mi="2" ci="5" mb="1" cb="1"/><line nr="286" mi="0" ci="3" mb="0" cb="0"/><line nr="301" mi="0" ci="7" mb="0" cb="0"/><line nr="302" mi="0" ci="1" mb="0" cb="0"/><line nr="314" mi="0" ci="7" mb="0" cb="0"/><line nr="326" mi="0" ci="8" mb="0" cb="0"/><line nr="327" mi="0" ci="1" mb="0" cb="0"/><line nr="340" mi="0" ci="8" mb="0" cb="0"/><line nr="354" mi="0" ci="10" mb="0" cb="0"/><line nr="355" mi="0" ci="1" mb="0" cb="0"/><line nr="371" mi="0" ci="10" mb="0" cb="0"/><line nr="383" mi="0" ci="8" mb="0" cb="0"/><line nr="384" mi="0" ci="1" mb="0" cb="0"/><line nr="397" mi="0" ci="8" mb="0" cb="0"/><line nr="411" mi="0" ci="10" mb="0" cb="0"/><line nr="412" mi="0" ci="1" mb="0" cb="0"/><line nr="427" mi="0" ci="10" mb="0" cb="0"/><line nr="444" mi="0" ci="12" mb="0" cb="0"/><line nr="445" mi="0" ci="1" mb="0" cb="0"/><line nr="463" mi="0" ci="12" mb="0" cb="0"/><line nr="481" mi="0" ci="4" mb="0" cb="0"/><line nr="482" mi="0" ci="10" mb="0" cb="0"/><line nr="483" mi="0" ci="1" mb="0" cb="0"/><line nr="502" mi="0" ci="4" mb="0" cb="0"/><line nr="503" mi="0" ci="10" mb="0" cb="0"/><line nr="520" mi="0" ci="4" mb="0" cb="0"/><line nr="521" mi="0" ci="1" mb="0" cb="0"/><line nr="523" mi="0" ci="1" mb="0" cb="0"/><line nr="524" mi="0" ci="1" mb="0" cb="0"/><line nr="537" mi="0" ci="5" mb="0" cb="0"/><line nr="538" mi="0" ci="1" mb="0" cb="0"/><line nr="555" mi="0" ci="7" mb="0" cb="0"/><line nr="556" mi="0" ci="1" mb="0" cb="0"/><line nr="576" mi="0" ci="8" mb="0" cb="2"/><line nr="587" mi="0" ci="4" mb="0" cb="0"/><line nr="588" mi="0" ci="9" mb="0" cb="2"/><line nr="589" mi="0" ci="3" mb="0" cb="0"/><line nr="590" mi="0" ci="5" mb="1" cb="3"/><line nr="591" mi="0" ci="4" mb="0" cb="0"/><line nr="594" mi="0" ci="2" mb="0" cb="0"/><line nr="605" mi="0" ci="2" mb="0" cb="0"/><line nr="606" mi="0" ci="9" mb="0" cb="2"/><line nr="607" mi="0" ci="3" mb="0" cb="2"/><line nr="608" mi="0" ci="1" mb="0" cb="0"/><line nr="611" mi="0" ci="2" mb="0" cb="0"/><line nr="622" mi="0" ci="3" mb="0" cb="0"/><line nr="623" mi="0" ci="9" mb="0" cb="2"/><line nr="624" mi="0" ci="7" mb="1" cb="3"/><line nr="625" mi="0" ci="2" mb="0" cb="0"/><line nr="628" mi="0" ci="2" mb="0" cb="0"/><line nr="639" mi="0" ci="9" mb="0" cb="2"/><line nr="640" mi="0" ci="3" mb="0" cb="2"/><line nr="641" mi="0" ci="2" mb="0" cb="0"/><line nr="644" mi="0" ci="2" mb="0" cb="0"/><line nr="653" mi="0" ci="8" mb="0" cb="2"/><line nr="662" mi="0" ci="8" mb="0" cb="2"/><line nr="677" mi="0" ci="3" mb="0" cb="0"/><line nr="678" mi="0" ci="7" mb="0" cb="0"/><line nr="679" mi="0" ci="17" mb="0" cb="2"/><line nr="710" mi="0" ci="2" mb="0" cb="2"/><line nr="711" mi="0" ci="4" mb="0" cb="0"/><line nr="714" mi="0" ci="13" mb="0" cb="2"/><line nr="716" mi="0" ci="3" mb="0" cb="2"/><line nr="717" mi="0" ci="4" mb="0" cb="0"/><line nr="718" mi="0" ci="6" mb="0" cb="4"/><line nr="719" mi="0" ci="2" mb="0" cb="0"/><line nr="722" mi="4" ci="6" mb="2" cb="2"/><line nr="724" mi="0" ci="3" mb="0" cb="0"/><line nr="726" mi="0" ci="2" mb="0" cb="0"/><line nr="727" mi="0" ci="2" mb="0" cb="0"/><line nr="728" mi="0" ci="2" mb="0" cb="0"/><line nr="731" mi="0" ci="5" mb="0" cb="0"/><line nr="732" mi="0" ci="2" mb="0" cb="0"/><line nr="734" mi="0" ci="3" mb="0" cb="2"/><line nr="735" mi="0" ci="2" mb="0" cb="0"/><line nr="738" mi="0" ci="2" mb="0" cb="2"/><line nr="739" mi="0" ci="2" mb="0" cb="0"/><line nr="740" mi="0" ci="4" mb="0" cb="0"/><line nr="741" mi="0" ci="3" mb="0" cb="0"/><line nr="743" mi="0" ci="4" mb="0" cb="0"/><line nr="744" mi="0" ci="4" mb="1" cb="1"/><line nr="745" mi="0" ci="4" mb="0" cb="0"/><line nr="746" mi="0" ci="4" mb="0" cb="0"/><line nr="750" mi="0" ci="4" mb="0" cb="2"/><line nr="751" mi="0" ci="5" mb="0" cb="0"/><line nr="753" mi="0" ci="3" mb="1" cb="1"/><line nr="754" mi="2" ci="0" mb="0" cb="0"/><line nr="756" mi="0" ci="4" mb="0" cb="0"/><line nr="758" mi="0" ci="4" mb="1" cb="1"/><line nr="759" mi="0" ci="3" mb="0" cb="0"/><line nr="762" mi="0" ci="4" mb="0" cb="0"/><line nr="764" mi="0" ci="3" mb="0" cb="2"/><line nr="765" mi="0" ci="2" mb="0" cb="0"/><line nr="767" mi="0" ci="1" mb="0" cb="0"/><line nr="787" mi="0" ci="7" mb="0" cb="0"/><line nr="789" mi="0" ci="3" mb="0" cb="2"/><line nr="790" mi="0" ci="2" mb="0" cb="0"/><line nr="792" mi="0" ci="4" mb="0" cb="0"/><line nr="814" mi="0" ci="2" mb="0" cb="2"/><line nr="815" mi="0" ci="4" mb="0" cb="0"/><line nr="818" mi="0" ci="7" mb="0" cb="0"/><line nr="820" mi="4" ci="5" mb="2" cb="2"/><line nr="822" mi="0" ci="6" mb="0" cb="4"/><line nr="823" mi="0" ci="2" mb="0" cb="0"/><line nr="826" mi="0" ci="3" mb="0" cb="0"/><line nr="829" mi="0" ci="5" mb="0" cb="0"/><line nr="830" mi="0" ci="2" mb="0" cb="0"/><line nr="832" mi="0" ci="3" mb="0" cb="2"/><line nr="833" mi="0" ci="2" mb="0" cb="0"/><line nr="836" mi="0" ci="2" mb="0" cb="0"/><line nr="838" mi="0" ci="4" mb="0" cb="0"/><line nr="840" mi="0" ci="3" mb="0" cb="2"/><line nr="841" mi="0" ci="2" mb="0" cb="0"/><line nr="843" mi="0" ci="1" mb="0" cb="0"/><line nr="859" mi="0" ci="7" mb="0" cb="0"/><line nr="861" mi="4" ci="5" mb="2" cb="2"/><line nr="863" mi="0" ci="6" mb="0" cb="4"/><line nr="864" mi="0" ci="2" mb="0" cb="0"/><line nr="867" mi="0" ci="3" mb="0" cb="0"/><line nr="869" mi="0" ci="2" mb="0" cb="0"/><line nr="872" mi="0" ci="5" mb="0" cb="0"/><line nr="873" mi="0" ci="2" mb="0" cb="0"/><line nr="875" mi="0" ci="3" mb="0" cb="2"/><line nr="876" mi="0" ci="4" mb="0" cb="0"/><line nr="879" mi="0" ci="2" mb="0" cb="2"/><line nr="880" mi="0" ci="2" mb="0" cb="0"/><line nr="883" mi="0" ci="2" mb="0" cb="0"/><line nr="885" mi="0" ci="5" mb="0" cb="0"/><line nr="887" mi="0" ci="3" mb="0" cb="2"/><line nr="888" mi="0" ci="4" mb="0" cb="0"/><line nr="890" mi="0" ci="1" mb="0" cb="0"/><line nr="892" mi="0" ci="2" mb="0" cb="2"/><line nr="893" mi="0" ci="2" mb="0" cb="0"/><line nr="919" mi="0" ci="3" mb="0" cb="2"/><line nr="920" mi="0" ci="2" mb="0" cb="0"/><line nr="921" mi="0" ci="2" mb="0" cb="0"/><line nr="923" mi="0" ci="3" mb="0" cb="0"/><line nr="924" mi="0" ci="4" mb="0" cb="0"/><line nr="926" mi="0" ci="9" mb="0" cb="4"/><line nr="927" mi="0" ci="2" mb="0" cb="2"/><line nr="928" mi="0" ci="2" mb="0" cb="2"/><line nr="929" mi="0" ci="6" mb="0" cb="0"/><line nr="930" mi="0" ci="3" mb="0" cb="0"/><line nr="931" mi="0" ci="3" mb="0" cb="2"/><line nr="932" mi="0" ci="4" mb="0" cb="0"/><line nr="933" mi="0" ci="3" mb="0" cb="0"/><line nr="935" mi="0" ci="1" mb="0" cb="0"/><line nr="936" mi="0" ci="4" mb="0" cb="0"/><line nr="940" mi="0" ci="2" mb="0" cb="2"/><line nr="941" mi="0" ci="2" mb="0" cb="2"/><line nr="942" mi="0" ci="3" mb="0" cb="0"/><line nr="944" mi="0" ci="2" mb="0" cb="0"/><line nr="945" mi="0" ci="2" mb="0" cb="2"/><line nr="946" mi="0" ci="2" mb="0" cb="0"/><line nr="947" mi="0" ci="4" mb="0" cb="0"/><line nr="949" mi="0" ci="5" mb="0" cb="0"/><line nr="952" mi="0" ci="2" mb="0" cb="0"/><line nr="953" mi="0" ci="4" mb="0" cb="0"/><line nr="956" mi="0" ci="4" mb="0" cb="4"/><line nr="957" mi="0" ci="3" mb="0" cb="0"/><line nr="959" mi="0" ci="3" mb="0" cb="0"/><line nr="961" mi="0" ci="4" mb="0" cb="2"/><line nr="962" mi="0" ci="4" mb="0" cb="0"/><line nr="963" mi="0" ci="2" mb="0" cb="2"/><line nr="964" mi="0" ci="6" mb="0" cb="0"/><line nr="966" mi="0" ci="2" mb="0" cb="0"/><line nr="982" mi="0" ci="3" mb="0" cb="2"/><line nr="983" mi="0" ci="2" mb="0" cb="0"/><line nr="985" mi="0" ci="5" mb="0" cb="0"/><line nr="986" mi="0" ci="3" mb="1" cb="1"/><line nr="987" mi="2" ci="0" mb="0" cb="0"/><line nr="988" mi="4" ci="0" mb="0" cb="0"/><line nr="990" mi="0" ci="5" mb="0" cb="0"/><line nr="991" mi="0" ci="5" mb="0" cb="4"/><line nr="992" mi="0" ci="3" mb="0" cb="0"/><line nr="993" mi="0" ci="2" mb="0" cb="0"/><line nr="994" mi="0" ci="2" mb="0" cb="2"/><line nr="995" mi="0" ci="2" mb="0" cb="0"/><line nr="996" mi="0" ci="4" mb="0" cb="0"/><line nr="998" mi="0" ci="5" mb="0" cb="0"/><line nr="1001" mi="0" ci="2" mb="0" cb="0"/><line nr="1002" mi="0" ci="4" mb="0" cb="0"/><line nr="1006" mi="0" ci="2" mb="0" cb="2"/><line nr="1007" mi="0" ci="3" mb="0" cb="0"/><line nr="1009" mi="0" ci="3" mb="0" cb="0"/><line nr="1012" mi="0" ci="2" mb="0" cb="0"/><line nr="1021" mi="0" ci="2" mb="0" cb="2"/><line nr="1022" mi="0" ci="4" mb="0" cb="0"/><line nr="1023" mi="0" ci="4" mb="0" cb="0"/><line nr="1024" mi="0" ci="4" mb="0" cb="0"/><line nr="1026" mi="0" ci="1" mb="0" cb="0"/><line nr="1034" mi="0" ci="2" mb="0" cb="0"/><line nr="1035" mi="0" ci="11" mb="0" cb="2"/><line nr="1036" mi="0" ci="3" mb="0" cb="0"/><line nr="1038" mi="0" ci="3" mb="0" cb="0"/><line nr="1039" mi="0" ci="2" mb="0" cb="0"/><line nr="1046" mi="0" ci="2" mb="0" cb="0"/><line nr="1047" mi="0" ci="7" mb="0" cb="2"/><line nr="1049" mi="0" ci="2" mb="0" cb="2"/><line nr="1050" mi="0" ci="12" mb="0" cb="4"/><line nr="1052" mi="0" ci="6" mb="0" cb="4"/><line nr="1053" mi="0" ci="6" mb="0" cb="0"/><line nr="1054" mi="0" ci="2" mb="0" cb="2"/><line nr="1055" mi="0" ci="3" mb="0" cb="0"/><line nr="1057" mi="0" ci="3" mb="0" cb="0"/><line nr="1059" mi="0" ci="1" mb="0" cb="0"/><line nr="1060" mi="0" ci="1" mb="0" cb="0"/><line nr="1068" mi="0" ci="3" mb="0" cb="0"/><line nr="1070" mi="0" ci="9" mb="0" cb="4"/><line nr="1071" mi="0" ci="1" mb="0" cb="0"/><line nr="1072" mi="0" ci="4" mb="0" cb="2"/><line nr="1073" mi="0" ci="5" mb="0" cb="0"/><line nr="1075" mi="0" ci="3" mb="0" cb="2"/><line nr="1076" mi="0" ci="2" mb="0" cb="0"/><line nr="1078" mi="0" ci="2" mb="0" cb="0"/><line nr="1086" mi="0" ci="4" mb="0" cb="2"/><line nr="1087" mi="0" ci="2" mb="0" cb="0"/><line nr="1088" mi="0" ci="2" mb="0" cb="0"/><line nr="1090" mi="0" ci="3" mb="0" cb="0"/><line nr="1091" mi="0" ci="1" mb="0" cb="0"/><line nr="1092" mi="0" ci="2" mb="0" cb="0"/><line nr="1093" mi="0" ci="3" mb="0" cb="2"/><line nr="1094" mi="0" ci="2" mb="0" cb="0"/><line nr="1097" mi="0" ci="5" mb="0" cb="0"/><line nr="1099" mi="0" ci="2" mb="0" cb="0"/><line nr="1101" mi="0" ci="2" mb="0" cb="0"/><line nr="1110" mi="0" ci="2" mb="0" cb="0"/><line nr="1112" mi="0" ci="8" mb="0" cb="2"/><line nr="1113" mi="0" ci="3" mb="0" cb="0"/><line nr="1114" mi="0" ci="3" mb="0" cb="0"/><line nr="1116" mi="0" ci="3" mb="0" cb="2"/><line nr="1117" mi="0" ci="3" mb="0" cb="0"/><line nr="1118" mi="0" ci="2" mb="0" cb="0"/><line nr="1121" mi="0" ci="3" mb="0" cb="0"/><line nr="1122" mi="0" ci="1" mb="0" cb="0"/><line nr="1133" mi="0" ci="4" mb="0" cb="2"/><line nr="1136" mi="0" ci="1" mb="0" cb="0"/><line nr="1138" mi="0" ci="9" mb="0" cb="2"/><line nr="1139" mi="0" ci="3" mb="1" cb="2"/><line nr="1141" mi="0" ci="3" mb="0" cb="2"/><line nr="1147" mi="0" ci="3" mb="0" cb="0"/><line nr="1149" mi="0" ci="1" mb="0" cb="0"/><line nr="1153" mi="1" ci="0" mb="0" cb="0"/><line nr="1159" mi="0" ci="1" mb="0" cb="0"/><line nr="1165" mi="0" ci="7" mb="0" cb="0"/><line nr="1168" mi="0" ci="3" mb="0" cb="0"/><line nr="1169" mi="0" ci="3" mb="0" cb="0"/><line nr="1170" mi="0" ci="6" mb="1" cb="1"/><line nr="1171" mi="0" ci="2" mb="0" cb="0"/><line nr="1173" mi="1" ci="0" mb="0" cb="0"/><line nr="1181" mi="0" ci="3" mb="0" cb="0"/><line nr="1182" mi="0" ci="3" mb="0" cb="0"/><line nr="1183" mi="0" ci="1" mb="0" cb="0"/><line nr="1190" mi="0" ci="3" mb="1" cb="1"/><line nr="1191" mi="0" ci="3" mb="0" cb="0"/><line nr="1192" mi="0" ci="3" mb="0" cb="0"/><line nr="1194" mi="0" ci="1" mb="0" cb="0"/><line nr="1201" mi="0" ci="4" mb="1" cb="1"/><line nr="1202" mi="0" ci="3" mb="0" cb="0"/><line nr="1203" mi="0" ci="3" mb="0" cb="0"/><line nr="1204" mi="0" ci="2" mb="0" cb="0"/><line nr="1206" mi="2" ci="0" mb="0" cb="0"/><line nr="1213" mi="0" ci="4" mb="0" cb="0"/><line nr="1217" mi="0" ci="3" mb="0" cb="0"/><line nr="1218" mi="0" ci="7" mb="0" cb="2"/><line nr="1219" mi="0" ci="7" mb="0" cb="2"/><line nr="1220" mi="0" ci="2" mb="0" cb="0"/><line nr="1221" mi="0" ci="1" mb="0" cb="0"/><line nr="1229" mi="0" ci="2" mb="0" cb="2"/><line nr="1230" mi="0" ci="2" mb="0" cb="0"/><line nr="1232" mi="0" ci="5" mb="0" cb="0"/><line nr="1233" mi="0" ci="3" mb="0" cb="2"/><line nr="1234" mi="0" ci="4" mb="0" cb="0"/><line nr="1236" mi="0" ci="2" mb="0" cb="0"/><line nr="1237" mi="0" ci="4" mb="0" cb="0"/><line nr="1240" mi="0" ci="2" mb="0" cb="2"/><line nr="1241" mi="0" ci="2" mb="0" cb="0"/><line nr="1245" mi="0" ci="5" mb="0" cb="0"/><line nr="1250" mi="0" ci="2" mb="0" cb="0"/><line nr="1253" mi="0" ci="3" mb="0" cb="0"/><line nr="1254" mi="0" ci="2" mb="1" cb="4"/><line nr="1259" mi="0" ci="2" mb="1" cb="1"/><line nr="1260" mi="2" ci="0" mb="0" cb="0"/><line nr="1262" mi="0" ci="2" mb="0" cb="0"/><line nr="1263" mi="0" ci="1" mb="0" cb="0"/><line nr="1265" mi="0" ci="3" mb="0" cb="0"/><line nr="1266" mi="0" ci="3" mb="0" cb="0"/><line nr="1267" mi="0" ci="4" mb="0" cb="0"/><line nr="1269" mi="0" ci="4" mb="0" cb="0"/><line nr="1270" mi="0" ci="3" mb="0" cb="0"/><line nr="1271" mi="0" ci="5" mb="0" cb="0"/><line nr="1272" mi="0" ci="3" mb="0" cb="0"/><line nr="1274" mi="0" ci="6" mb="1" cb="3"/><line nr="1275" mi="0" ci="4" mb="0" cb="0"/><line nr="1281" mi="12" ci="0" mb="0" cb="0"/><line nr="1285" mi="0" ci="2" mb="1" cb="1"/><line nr="1286" mi="2" ci="0" mb="0" cb="0"/><line nr="1292" mi="0" ci="6" mb="0" cb="2"/><line nr="1293" mi="0" ci="3" mb="0" cb="0"/><line nr="1294" mi="0" ci="2" mb="0" cb="0"/><line nr="1296" mi="0" ci="2" mb="0" cb="0"/><line nr="1301" mi="0" ci="3" mb="0" cb="0"/><line nr="1302" mi="0" ci="3" mb="0" cb="0"/><line nr="1303" mi="0" ci="3" mb="0" cb="0"/><line nr="1304" mi="0" ci="1" mb="0" cb="0"/><line nr="1315" mi="0" ci="2" mb="0" cb="0"/><line nr="1327" mi="0" ci="4" mb="0" cb="0"/><line nr="1340" mi="0" ci="2" mb="0" cb="0"/><line nr="1341" mi="0" ci="2" mb="0" cb="0"/><line nr="1342" mi="0" ci="4" mb="0" cb="0"/><line nr="1343" mi="0" ci="2" mb="0" cb="0"/><line nr="1345" mi="0" ci="3" mb="0" cb="0"/><line nr="1346" mi="0" ci="3" mb="0" cb="0"/><line nr="1350" mi="0" ci="3" mb="0" cb="0"/><line nr="1351" mi="0" ci="2" mb="0" cb="0"/><line nr="1360" mi="0" ci="2" mb="0" cb="0"/><line nr="1361" mi="0" ci="3" mb="0" cb="0"/><line nr="1362" mi="0" ci="3" mb="0" cb="0"/><line nr="1364" mi="0" ci="2" mb="0" cb="2"/><line nr="1365" mi="0" ci="4" mb="0" cb="0"/><line nr="1366" mi="0" ci="3" mb="0" cb="2"/><line nr="1368" mi="0" ci="5" mb="0" cb="0"/><line nr="1371" mi="0" ci="3" mb="0" cb="0"/><line nr="1373" mi="0" ci="1" mb="0" cb="0"/><line nr="1376" mi="0" ci="3" mb="0" cb="0"/><line nr="1377" mi="0" ci="3" mb="0" cb="2"/><line nr="1378" mi="0" ci="3" mb="0" cb="0"/><line nr="1379" mi="0" ci="2" mb="0" cb="0"/><line nr="1381" mi="0" ci="4" mb="0" cb="0"/><line nr="1386" mi="0" ci="3" mb="0" cb="0"/><line nr="1387" mi="0" ci="3" mb="0" cb="0"/><line nr="1388" mi="0" ci="3" mb="0" cb="0"/><line nr="1389" mi="0" ci="1" mb="0" cb="0"/><line nr="1392" mi="0" ci="6" mb="0" cb="0"/><counter type="INSTRUCTION" missed="42" covered="1176"/><counter type="BRANCH" missed="21" covered="187"/><counter type="LINE" missed="9" covered="325"/><counter type="COMPLEXITY" missed="21" covered="143"/><counter type="METHOD" missed="0" covered="58"/><counter type="CLASS" missed="0" covered="2"/></sourcefile><counter type="INSTRUCTION" missed="42" covered="1176"/><counter type="BRANCH" missed="21" covered="187"/><counter type="LINE" missed="9" covered="325"/><counter type="COMPLEXITY" missed="21" covered="143"/><counter type="METHOD" missed="0" covered="58"/><counter type="CLASS" missed="0" covered="2"/></package><counter type="INSTRUCTION" missed="42" covered="1176"/><counter type="BRANCH" missed="21" covered="187"/><counter type="LINE" missed="9" covered="325"/><counter type="COMPLEXITY" missed="21" covered="143"/><counter type="METHOD" missed="0" covered="58"/><counter type="CLASS" missed="0" covered="2"/></report>